----------------------------------------------------------------
Fri Sep 05 13:18:09 EEST 2025:
Booting Derby version The Apache Software Foundation - Apache Derby - 10.16.1.1 - (1901046): instance a816c00e-0199-1962-3138-000002f05888 
on database directory D:\RealDBAPI with class loader jdk.internal.loader.ClassLoaders$AppClassLoader@3fee733d 
Loaded from file:/C:/Users/%d0%9f%d0%9e%d0%96%d0%90%d0%a0%d0%9f%d0%a0%d0%9e%d0%a2%d0%95%d0%9a%d0%a2/.m2/repository/org/apache/derby/derby/10.16.1.1/derby-10.16.1.1.jar
java.vendor=Oracle Corporation
java.runtime.version=21+35-2513
user.dir=D:\PojarprotektAPI
os.name=Windows 10
os.arch=amd64
os.version=10.0
derby.system.home=null
Database Class Loader started - derby.database.classpath=''
----------------------------------------------------------------
Fri Sep 05 13:18:29 EEST 2025:
Booting Derby version The Apache Software Foundation - Apache Derby - 10.16.1.1 - (1901046): instance 9ac8804c-0199-1962-3138-000002f05888 
on database directory D:\PojarnaTehnika with class loader jdk.internal.loader.ClassLoaders$AppClassLoader@3fee733d 
Loaded from file:/C:/Users/%d0%9f%d0%9e%d0%96%d0%90%d0%a0%d0%9f%d0%a0%d0%9e%d0%a2%d0%95%d0%9a%d0%a2/.m2/repository/org/apache/derby/derby/10.16.1.1/derby-10.16.1.1.jar
java.vendor=Oracle Corporation
java.runtime.version=21+35-2513
user.dir=D:\PojarprotektAPI
os.name=Windows 10
os.arch=amd64
os.version=10.0
derby.system.home=null
Database Class Loader started - derby.database.classpath=''
----------------------------------------------------------------
Fri Sep 05 13:21:29 EEST 2025:
Booting Derby version The Apache Software Foundation - Apache Derby - 10.16.1.1 - (1901046): instance c87100b8-0199-1962-3138-000002f05888 
on database directory D:\PojarprotektOOD with class loader jdk.internal.loader.ClassLoaders$AppClassLoader@3fee733d 
Loaded from file:/C:/Users/%d0%9f%d0%9e%d0%96%d0%90%d0%a0%d0%9f%d0%a0%d0%9e%d0%a2%d0%95%d0%9a%d0%a2/.m2/repository/org/apache/derby/derby/10.16.1.1/derby-10.16.1.1.jar
java.vendor=Oracle Corporation
java.runtime.version=21+35-2513
user.dir=D:\PojarprotektAPI
os.name=Windows 10
os.arch=amd64
os.version=10.0
derby.system.home=null
Database Class Loader started - derby.database.classpath=''
